--------------------------------------------------------------------------
There are not enough slots available in the system to satisfy the 8 slots
that were requested by the application:
  ./generate_strategies

Either request fewer slots for your application, or make more slots available
for use.
--------------------------------------------------------------------------
--------------------------------------------------------------------------
There are not enough slots available in the system to satisfy the 16 slots
that were requested by the application:
  ./generate_strategies

Either request fewer slots for your application, or make more slots available
for use.
--------------------------------------------------------------------------
--------------------------------------------------------------------------
There are not enough slots available in the system to satisfy the 32 slots
that were requested by the application:
  ./generate_strategies

Either request fewer slots for your application, or make more slots available
for use.
--------------------------------------------------------------------------
