rm -f stint_time_calculator generate_strategies gmon.out
mpicxx -std=c++17 -Wall -fopenmp -Iinclude -o stint_time_calculator stint_time_calculator.cpp
mpicxx -std=c++17 -Wall -fopenmp -Iinclude -o generate_strategies generate_strategies.cpp
Running with 1 processes...

Optimal Strategy:
  Tyre: MEDIUM, Laps: 12
  Tyre: MEDIUM, Laps: 12
  Tyre: MEDIUM, Laps: 13
  Tyre: MEDIUM, Laps: 13
  Total Race Time: 4715.02 seconds
Running with 2 processes...

Optimal Strategy:
  Tyre: MEDIUM, Laps: 12
  Tyre: MEDIUM, Laps: 12
  Tyre: MEDIUM, Laps: 13
  Tyre: MEDIUM, Laps: 13
  Total Race Time: 4715.02 seconds
Running with 4 processes...

Optimal Strategy:
  Tyre: MEDIUM, Laps: 12
  Tyre: MEDIUM, Laps: 12
  Tyre: MEDIUM, Laps: 13
  Tyre: MEDIUM, Laps: 13
  Total Race Time: 4715.02 seconds
Running with 8 processes...
Running with 16 processes...
Running with 32 processes...

Strong Scaling Results:
Processes  Walltime     Speedup                 Efficiency
1          2.464816869  1.00000000000000000000  1.00000000000000000000
2          1.896383669  1.29974588438622543316  .64987294219311271658
4          2.310217100  1.06692001760354037722  .26673000440088509430
8          .380140308   6.48396609653928096464  .81049576206741012058
16         .346131804   7.12103551455213864138  .44506471965950866508
32         .347728035   7.08834669887919735893  .22151083433997491746
